<?xml version="1.0" encoding="UTF-8"?>
<TestRun id="c696868f-5720-4e59-9ab5-7de5f8b2ab29" name="WGC@WGC-PC 2014-04-28 17:03:44" runUser="WGC-PC\WGC" xmlns="http://microsoft.com/schemas/VisualStudio/TeamTest/2010">
  <TestSettings name="本地" id="15eaff23-6fdd-4e4a-895b-27afa8f22191">
    <Description>这些设置为本地测试运行的默认测试设置。</Description>
    <Deployment enabled="false" runDeploymentRoot="WGC_WGC-PC 2014-04-28 17_03_44">
      <DeploymentItem filename="D:\git_file\yuanxing3\Prototype2.0\Prototype2.0\bin\Debug\Prototype2.0.exe" />
    </Deployment>
    <Execution>
      <TestTypeSpecific />
      <AgentRule name="Execution Agents">
      </AgentRule>
    </Execution>
  </TestSettings>
  <Times creation="2014-04-28T17:03:44.3449558+08:00" queuing="2014-04-28T17:03:44.3879582+08:00" start="2014-04-28T17:03:44.4089594+08:00" finish="2014-04-28T17:03:55.5285954+08:00" />
  <ResultSummary outcome="Failed">
    <Counters total="7" executed="7" passed="5" error="0" failed="2" timeout="0" aborted="0" inconclusive="0" passedButRunAborted="0" notRunnable="0" notExecuted="0" disconnected="0" warning="0" completed="0" inProgress="0" pending="0" />
    <RunInfos>
      <RunInfo computerName="WGC-PC" outcome="Warning" timestamp="2014-04-28T17:03:44.3869582+08:00">
        <Text>当前已禁用部署。未部署测试“UnitTest.mainTest.button3_ClickTest”中的部署项“Prototype2.0.exe”。</Text>
      </RunInfo>
    </RunInfos>
  </ResultSummary>
  <TestDefinitions>
    <UnitTest name="button3_ClickTest" storage="d:\git_file\yuanxing3\prototype2.0\unittest\bin\debug\unittest.dll" id="d9ba3a2b-6842-f2d2-eeac-e13e0c8aba9a">
      <DeploymentItems>
        <DeploymentItem filename="Prototype2.0.exe" />
      </DeploymentItems>
      <Execution id="c20b110e-7b28-4f14-b92f-a9673eac81fc" />
      <TestMethod codeBase="D:/git_file/yuanxing3/Prototype2.0/UnitTest/bin/Debug/UnitTest.DLL" adapterTypeName="Microsoft.VisualStudio.TestTools.TestTypes.Unit.UnitTestAdapter, Microsoft.VisualStudio.QualityTools.Tips.UnitTest.Adapter, Version=10.0.0.0, Culture=neutral, PublicKeyToken=b03f5f7f11d50a3a" className="UnitTest.mainTest, UnitTest, Version=1.0.0.0, Culture=neutral, PublicKeyToken=null" name="button3_ClickTest" />
    </UnitTest>
    <UnitTest name="button1_Click_1Test" storage="d:\git_file\yuanxing3\prototype2.0\unittest\bin\debug\unittest.dll" id="c161caaf-1757-fbd4-151f-e499d9aa44ff">
      <DeploymentItems>
        <DeploymentItem filename="Prototype2.0.exe" />
      </DeploymentItems>
      <Execution id="512d44a2-b777-4112-be21-d0411dbe6296" />
      <TestMethod codeBase="D:/git_file/yuanxing3/Prototype2.0/UnitTest/bin/Debug/UnitTest.DLL" adapterTypeName="Microsoft.VisualStudio.TestTools.TestTypes.Unit.UnitTestAdapter, Microsoft.VisualStudio.QualityTools.Tips.UnitTest.Adapter, Version=10.0.0.0, Culture=neutral, PublicKeyToken=b03f5f7f11d50a3a" className="UnitTest.mainTest, UnitTest, Version=1.0.0.0, Culture=neutral, PublicKeyToken=null" name="button1_Click_1Test" />
    </UnitTest>
    <UnitTest name="button_exit_ClickTest" storage="d:\git_file\yuanxing3\prototype2.0\unittest\bin\debug\unittest.dll" id="4da2c7b5-0149-9021-57fb-a840a852006f">
      <DeploymentItems>
        <DeploymentItem filename="Prototype2.0.exe" />
      </DeploymentItems>
      <Execution id="b23d2d93-34ca-41ce-b35b-5d532ae7a297" />
      <TestMethod codeBase="D:/git_file/yuanxing3/Prototype2.0/UnitTest/bin/Debug/UnitTest.DLL" adapterTypeName="Microsoft.VisualStudio.TestTools.TestTypes.Unit.UnitTestAdapter, Microsoft.VisualStudio.QualityTools.Tips.UnitTest.Adapter, Version=10.0.0.0, Culture=neutral, PublicKeyToken=b03f5f7f11d50a3a" className="UnitTest.mainTest, UnitTest, Version=1.0.0.0, Culture=neutral, PublicKeyToken=null" name="button_exit_ClickTest" />
    </UnitTest>
    <UnitTest name="button_fendoushi_ClickTest" storage="d:\git_file\yuanxing3\prototype2.0\unittest\bin\debug\unittest.dll" id="51dd4209-58c2-52b7-52b3-86048cc95ef3">
      <DeploymentItems>
        <DeploymentItem filename="Prototype2.0.exe" />
      </DeploymentItems>
      <Execution id="374a4857-c4ff-4bb3-a246-b0013b62a436" />
      <TestMethod codeBase="D:/git_file/yuanxing3/Prototype2.0/UnitTest/bin/Debug/UnitTest.DLL" adapterTypeName="Microsoft.VisualStudio.TestTools.TestTypes.Unit.UnitTestAdapter, Microsoft.VisualStudio.QualityTools.Tips.UnitTest.Adapter, Version=10.0.0.0, Culture=neutral, PublicKeyToken=b03f5f7f11d50a3a" className="UnitTest.mainTest, UnitTest, Version=1.0.0.0, Culture=neutral, PublicKeyToken=null" name="button_fendoushi_ClickTest" />
    </UnitTest>
    <UnitTest name="button2_ClickTest" storage="d:\git_file\yuanxing3\prototype2.0\unittest\bin\debug\unittest.dll" id="0b28c363-cfc5-f5fd-9f67-bbc95cde2066">
      <DeploymentItems>
        <DeploymentItem filename="Prototype2.0.exe" />
      </DeploymentItems>
      <Execution id="9e8b8d18-acbd-49ec-be91-669dff2be6a0" />
      <TestMethod codeBase="D:/git_file/yuanxing3/Prototype2.0/UnitTest/bin/Debug/UnitTest.DLL" adapterTypeName="Microsoft.VisualStudio.TestTools.TestTypes.Unit.UnitTestAdapter, Microsoft.VisualStudio.QualityTools.Tips.UnitTest.Adapter, Version=10.0.0.0, Culture=neutral, PublicKeyToken=b03f5f7f11d50a3a" className="UnitTest.mainTest, UnitTest, Version=1.0.0.0, Culture=neutral, PublicKeyToken=null" name="button2_ClickTest" />
    </UnitTest>
    <UnitTest name="button5_ClickTest" storage="d:\git_file\yuanxing3\prototype2.0\unittest\bin\debug\unittest.dll" id="451500f7-2113-628d-5f22-92810facf93f">
      <DeploymentItems>
        <DeploymentItem filename="Prototype2.0.exe" />
      </DeploymentItems>
      <Execution id="fb181962-85cc-4f6f-aa6d-7a3c5b78a8ac" />
      <TestMethod codeBase="D:/git_file/yuanxing3/Prototype2.0/UnitTest/bin/Debug/UnitTest.DLL" adapterTypeName="Microsoft.VisualStudio.TestTools.TestTypes.Unit.UnitTestAdapter, Microsoft.VisualStudio.QualityTools.Tips.UnitTest.Adapter, Version=10.0.0.0, Culture=neutral, PublicKeyToken=b03f5f7f11d50a3a" className="UnitTest.mainTest, UnitTest, Version=1.0.0.0, Culture=neutral, PublicKeyToken=null" name="button5_ClickTest" />
    </UnitTest>
    <UnitTest name="button2_Click_1Test" storage="d:\git_file\yuanxing3\prototype2.0\unittest\bin\debug\unittest.dll" id="6d84bb3b-21d2-09ec-dfca-a83752c6b900">
      <DeploymentItems>
        <DeploymentItem filename="Prototype2.0.exe" />
      </DeploymentItems>
      <Execution id="7b09ecf7-9472-4c8a-94e8-e380ebf283ad" />
      <TestMethod codeBase="D:/git_file/yuanxing3/Prototype2.0/UnitTest/bin/Debug/UnitTest.DLL" adapterTypeName="Microsoft.VisualStudio.TestTools.TestTypes.Unit.UnitTestAdapter, Microsoft.VisualStudio.QualityTools.Tips.UnitTest.Adapter, Version=10.0.0.0, Culture=neutral, PublicKeyToken=b03f5f7f11d50a3a" className="UnitTest.mainTest, UnitTest, Version=1.0.0.0, Culture=neutral, PublicKeyToken=null" name="button2_Click_1Test" />
    </UnitTest>
  </TestDefinitions>
  <TestLists>
    <TestList name="列表中未列出的结果" id="8c84fa94-04c1-424b-9868-57a2d4851a1d" />
    <TestList name="所有已加载的结果" id="19431567-8539-422a-85d7-44ee4e166bda" />
  </TestLists>
  <TestEntries>
    <TestEntry testId="c161caaf-1757-fbd4-151f-e499d9aa44ff" executionId="512d44a2-b777-4112-be21-d0411dbe6296" testListId="8c84fa94-04c1-424b-9868-57a2d4851a1d" />
    <TestEntry testId="0b28c363-cfc5-f5fd-9f67-bbc95cde2066" executionId="9e8b8d18-acbd-49ec-be91-669dff2be6a0" testListId="8c84fa94-04c1-424b-9868-57a2d4851a1d" />
    <TestEntry testId="6d84bb3b-21d2-09ec-dfca-a83752c6b900" executionId="7b09ecf7-9472-4c8a-94e8-e380ebf283ad" testListId="8c84fa94-04c1-424b-9868-57a2d4851a1d" />
    <TestEntry testId="d9ba3a2b-6842-f2d2-eeac-e13e0c8aba9a" executionId="c20b110e-7b28-4f14-b92f-a9673eac81fc" testListId="8c84fa94-04c1-424b-9868-57a2d4851a1d" />
    <TestEntry testId="451500f7-2113-628d-5f22-92810facf93f" executionId="fb181962-85cc-4f6f-aa6d-7a3c5b78a8ac" testListId="8c84fa94-04c1-424b-9868-57a2d4851a1d" />
    <TestEntry testId="4da2c7b5-0149-9021-57fb-a840a852006f" executionId="b23d2d93-34ca-41ce-b35b-5d532ae7a297" testListId="8c84fa94-04c1-424b-9868-57a2d4851a1d" />
    <TestEntry testId="51dd4209-58c2-52b7-52b3-86048cc95ef3" executionId="374a4857-c4ff-4bb3-a246-b0013b62a436" testListId="8c84fa94-04c1-424b-9868-57a2d4851a1d" />
  </TestEntries>
  <Results>
    <UnitTestResult executionId="512d44a2-b777-4112-be21-d0411dbe6296" testId="c161caaf-1757-fbd4-151f-e499d9aa44ff" testName="button1_Click_1Test" computerName="WGC-PC" duration="00:00:00.0998311" startTime="2014-04-28T17:03:44.4119596+08:00" endTime="2014-04-28T17:03:44.7189771+08:00" testType="13cdc9d9-ddb5-4fa4-a97d-d965ccfc6d4b" outcome="Passed" testListId="8c84fa94-04c1-424b-9868-57a2d4851a1d" relativeResultsDirectory="512d44a2-b777-4112-be21-d0411dbe6296">
    </UnitTestResult>
    <UnitTestResult executionId="9e8b8d18-acbd-49ec-be91-669dff2be6a0" testId="0b28c363-cfc5-f5fd-9f67-bbc95cde2066" testName="button2_ClickTest" computerName="WGC-PC" duration="00:00:00.0275654" startTime="2014-04-28T17:03:44.7229774+08:00" endTime="2014-04-28T17:03:44.7579794+08:00" testType="13cdc9d9-ddb5-4fa4-a97d-d965ccfc6d4b" outcome="Passed" testListId="8c84fa94-04c1-424b-9868-57a2d4851a1d" relativeResultsDirectory="9e8b8d18-acbd-49ec-be91-669dff2be6a0">
    </UnitTestResult>
    <UnitTestResult executionId="7b09ecf7-9472-4c8a-94e8-e380ebf283ad" testId="6d84bb3b-21d2-09ec-dfca-a83752c6b900" testName="button2_Click_1Test" computerName="WGC-PC" duration="00:00:00.0469414" startTime="2014-04-28T17:03:44.7599795+08:00" endTime="2014-04-28T17:03:44.8129825+08:00" testType="13cdc9d9-ddb5-4fa4-a97d-d965ccfc6d4b" outcome="Failed" testListId="8c84fa94-04c1-424b-9868-57a2d4851a1d" relativeResultsDirectory="7b09ecf7-9472-4c8a-94e8-e380ebf283ad">
      <Output>
        <ErrorInfo>
          <Message>测试方法 UnitTest.mainTest.button2_Click_1Test 引发了异常: 
System.ArgumentOutOfRangeException: 索引超出范围。必须为非负值并小于集合大小。
参数名: index</Message>
          <StackTrace>   在 Prototype2._0.main_Accessor.button2_Click_1(Object sender, EventArgs e)
   在 UnitTest.mainTest.button2_Click_1Test() 位置 D:\git_file\yuanxing3\Prototype2.0\UnitTest\mainTest.cs:行号 296
</StackTrace>
        </ErrorInfo>
      </Output>
    </UnitTestResult>
    <UnitTestResult executionId="c20b110e-7b28-4f14-b92f-a9673eac81fc" testId="d9ba3a2b-6842-f2d2-eeac-e13e0c8aba9a" testName="button3_ClickTest" computerName="WGC-PC" duration="00:00:00.0240305" startTime="2014-04-28T17:03:44.8159827+08:00" endTime="2014-04-28T17:03:44.8459844+08:00" testType="13cdc9d9-ddb5-4fa4-a97d-d965ccfc6d4b" outcome="Passed" testListId="8c84fa94-04c1-424b-9868-57a2d4851a1d" relativeResultsDirectory="c20b110e-7b28-4f14-b92f-a9673eac81fc">
    </UnitTestResult>
    <UnitTestResult executionId="fb181962-85cc-4f6f-aa6d-7a3c5b78a8ac" testId="451500f7-2113-628d-5f22-92810facf93f" testName="button5_ClickTest" computerName="WGC-PC" duration="00:00:00.0342137" startTime="2014-04-28T17:03:44.8499846+08:00" endTime="2014-04-28T17:03:44.9039877+08:00" testType="13cdc9d9-ddb5-4fa4-a97d-d965ccfc6d4b" outcome="Passed" testListId="8c84fa94-04c1-424b-9868-57a2d4851a1d" relativeResultsDirectory="fb181962-85cc-4f6f-aa6d-7a3c5b78a8ac">
    </UnitTestResult>
    <UnitTestResult executionId="b23d2d93-34ca-41ce-b35b-5d532ae7a297" testId="4da2c7b5-0149-9021-57fb-a840a852006f" testName="button_exit_ClickTest" computerName="WGC-PC" duration="00:00:00.0306261" startTime="2014-04-28T17:03:44.9059878+08:00" endTime="2014-04-28T17:03:44.9439900+08:00" testType="13cdc9d9-ddb5-4fa4-a97d-d965ccfc6d4b" outcome="Passed" testListId="8c84fa94-04c1-424b-9868-57a2d4851a1d" relativeResultsDirectory="b23d2d93-34ca-41ce-b35b-5d532ae7a297">
    </UnitTestResult>
    <UnitTestResult executionId="374a4857-c4ff-4bb3-a246-b0013b62a436" testId="51dd4209-58c2-52b7-52b3-86048cc95ef3" testName="button_fendoushi_ClickTest" computerName="WGC-PC" duration="00:00:00.0281462" startTime="2014-04-28T17:03:44.9489903+08:00" endTime="2014-04-28T17:03:44.9829922+08:00" testType="13cdc9d9-ddb5-4fa4-a97d-d965ccfc6d4b" outcome="Failed" testListId="8c84fa94-04c1-424b-9868-57a2d4851a1d" relativeResultsDirectory="374a4857-c4ff-4bb3-a246-b0013b62a436">
      <Output>
        <ErrorInfo>
          <Message>测试方法 UnitTest.mainTest.button_fendoushi_ClickTest 引发了异常: 
System.ArgumentOutOfRangeException: 索引超出范围。必须为非负值并小于集合大小。
参数名: index</Message>
          <StackTrace>   在 Prototype2._0.main_Accessor.button_fendoushi_Click(Object sender, EventArgs e)
   在 UnitTest.mainTest.button_fendoushi_ClickTest() 位置 D:\git_file\yuanxing3\Prototype2.0\UnitTest\mainTest.cs:行号 352
</StackTrace>
        </ErrorInfo>
      </Output>
    </UnitTestResult>
  </Results>
</TestRun>