<?xml version="1.0" encoding="UTF-8"?>
<TestRun id="574b664f-367c-47c9-ac41-3bac61576830" name="WGC@WGC-PC 2014-04-28 17:09:30" runUser="WGC-PC\WGC" xmlns="http://microsoft.com/schemas/VisualStudio/TeamTest/2010">
  <TestSettings name="本地" id="15eaff23-6fdd-4e4a-895b-27afa8f22191">
    <Description>这些设置为本地测试运行的默认测试设置。</Description>
    <Deployment enabled="false" runDeploymentRoot="WGC_WGC-PC 2014-04-28 17_09_30">
      <DeploymentItem filename="D:\git_file\yuanxing3\Prototype2.0\Prototype2.0\bin\Debug\Prototype2.0.exe" />
    </Deployment>
    <Execution>
      <TestTypeSpecific />
      <AgentRule name="Execution Agents">
      </AgentRule>
    </Execution>
  </TestSettings>
  <Times creation="2014-04-28T17:09:30.4039793+08:00" queuing="2014-04-28T17:09:30.4319809+08:00" start="2014-04-28T17:09:30.4589824+08:00" finish="2014-04-28T17:09:31.0963852+08:00" />
  <ResultSummary outcome="Failed">
    <Counters total="9" executed="9" passed="1" error="0" failed="8" timeout="0" aborted="0" inconclusive="0" passedButRunAborted="0" notRunnable="0" notExecuted="0" disconnected="0" warning="0" completed="0" inProgress="0" pending="0" />
    <RunInfos>
      <RunInfo computerName="WGC-PC" outcome="Warning" timestamp="2014-04-28T17:09:30.4319809+08:00">
        <Text>当前已禁用部署。未部署测试“UnitTest.mainTest.button_niurenduibi_ClickTest”中的部署项“Prototype2.0.exe”。</Text>
      </RunInfo>
    </RunInfos>
  </ResultSummary>
  <TestDefinitions>
    <UnitTest name="button_niurenduibi_ClickTest" storage="d:\git_file\yuanxing3\prototype2.0\unittest\bin\debug\unittest.dll" id="cd2d3b66-9f3d-ce5f-6c56-565fe9d0daca">
      <DeploymentItems>
        <DeploymentItem filename="Prototype2.0.exe" />
      </DeploymentItems>
      <Execution id="8a1394a2-672d-4768-850c-4df13b33340b" />
      <TestMethod codeBase="D:/git_file/yuanxing3/Prototype2.0/UnitTest/bin/Debug/UnitTest.DLL" adapterTypeName="Microsoft.VisualStudio.TestTools.TestTypes.Unit.UnitTestAdapter, Microsoft.VisualStudio.QualityTools.Tips.UnitTest.Adapter, Version=10.0.0.0, Culture=neutral, PublicKeyToken=b03f5f7f11d50a3a" className="UnitTest.mainTest, UnitTest, Version=1.0.0.0, Culture=neutral, PublicKeyToken=null" name="button_niurenduibi_ClickTest" />
    </UnitTest>
    <UnitTest name="button_zhexiantuduibi_ClickTest" storage="d:\git_file\yuanxing3\prototype2.0\unittest\bin\debug\unittest.dll" id="42a44aa5-8b32-c5bc-187c-076f9d7ff1f7">
      <DeploymentItems>
        <DeploymentItem filename="Prototype2.0.exe" />
      </DeploymentItems>
      <Execution id="57be0495-8f6b-4b21-85e8-68d575bae73c" />
      <TestMethod codeBase="D:/git_file/yuanxing3/Prototype2.0/UnitTest/bin/Debug/UnitTest.DLL" adapterTypeName="Microsoft.VisualStudio.TestTools.TestTypes.Unit.UnitTestAdapter, Microsoft.VisualStudio.QualityTools.Tips.UnitTest.Adapter, Version=10.0.0.0, Culture=neutral, PublicKeyToken=b03f5f7f11d50a3a" className="UnitTest.mainTest, UnitTest, Version=1.0.0.0, Culture=neutral, PublicKeyToken=null" name="button_zhexiantuduibi_ClickTest" />
    </UnitTest>
    <UnitTest name="button_zuotifenlei_ClickTest" storage="d:\git_file\yuanxing3\prototype2.0\unittest\bin\debug\unittest.dll" id="1f6a09f9-89e9-8827-8601-e102b24c03de">
      <DeploymentItems>
        <DeploymentItem filename="Prototype2.0.exe" />
      </DeploymentItems>
      <Execution id="19f4647e-987c-4efd-a44e-9c51ca230e5c" />
      <TestMethod codeBase="D:/git_file/yuanxing3/Prototype2.0/UnitTest/bin/Debug/UnitTest.DLL" adapterTypeName="Microsoft.VisualStudio.TestTools.TestTypes.Unit.UnitTestAdapter, Microsoft.VisualStudio.QualityTools.Tips.UnitTest.Adapter, Version=10.0.0.0, Culture=neutral, PublicKeyToken=b03f5f7f11d50a3a" className="UnitTest.mainTest, UnitTest, Version=1.0.0.0, Culture=neutral, PublicKeyToken=null" name="button_zuotifenlei_ClickTest" />
    </UnitTest>
    <UnitTest name="button_jiudehuiyi_ClickTest" storage="d:\git_file\yuanxing3\prototype2.0\unittest\bin\debug\unittest.dll" id="0031067b-ae26-4411-3054-17e60a8b22ec">
      <DeploymentItems>
        <DeploymentItem filename="Prototype2.0.exe" />
      </DeploymentItems>
      <Execution id="1d470709-7bb4-45ec-81d2-5f3c13d9f67b" />
      <TestMethod codeBase="D:/git_file/yuanxing3/Prototype2.0/UnitTest/bin/Debug/UnitTest.DLL" adapterTypeName="Microsoft.VisualStudio.TestTools.TestTypes.Unit.UnitTestAdapter, Microsoft.VisualStudio.QualityTools.Tips.UnitTest.Adapter, Version=10.0.0.0, Culture=neutral, PublicKeyToken=b03f5f7f11d50a3a" className="UnitTest.mainTest, UnitTest, Version=1.0.0.0, Culture=neutral, PublicKeyToken=null" name="button_jiudehuiyi_ClickTest" />
    </UnitTest>
    <UnitTest name="button_xuexiniuren_ClickTest" storage="d:\git_file\yuanxing3\prototype2.0\unittest\bin\debug\unittest.dll" id="cb5b2e58-0d03-95ac-191a-d5b2a61f5ca3">
      <DeploymentItems>
        <DeploymentItem filename="Prototype2.0.exe" />
      </DeploymentItems>
      <Execution id="60ca98a0-d9c8-4818-80f6-558dfbb2cc5a" />
      <TestMethod codeBase="D:/git_file/yuanxing3/Prototype2.0/UnitTest/bin/Debug/UnitTest.DLL" adapterTypeName="Microsoft.VisualStudio.TestTools.TestTypes.Unit.UnitTestAdapter, Microsoft.VisualStudio.QualityTools.Tips.UnitTest.Adapter, Version=10.0.0.0, Culture=neutral, PublicKeyToken=b03f5f7f11d50a3a" className="UnitTest.mainTest, UnitTest, Version=1.0.0.0, Culture=neutral, PublicKeyToken=null" name="button_xuexiniuren_ClickTest" />
    </UnitTest>
    <UnitTest name="button_wodexinxi_ClickTest" storage="d:\git_file\yuanxing3\prototype2.0\unittest\bin\debug\unittest.dll" id="62de20e5-cb5b-4501-542b-a960786ebed8">
      <DeploymentItems>
        <DeploymentItem filename="Prototype2.0.exe" />
      </DeploymentItems>
      <Execution id="e96226b5-6848-4530-b4c9-ce227a8dbd9e" />
      <TestMethod codeBase="D:/git_file/yuanxing3/Prototype2.0/UnitTest/bin/Debug/UnitTest.DLL" adapterTypeName="Microsoft.VisualStudio.TestTools.TestTypes.Unit.UnitTestAdapter, Microsoft.VisualStudio.QualityTools.Tips.UnitTest.Adapter, Version=10.0.0.0, Culture=neutral, PublicKeyToken=b03f5f7f11d50a3a" className="UnitTest.mainTest, UnitTest, Version=1.0.0.0, Culture=neutral, PublicKeyToken=null" name="button_wodexinxi_ClickTest" />
    </UnitTest>
    <UnitTest name="button_jiantixitong_ClickTest" storage="d:\git_file\yuanxing3\prototype2.0\unittest\bin\debug\unittest.dll" id="7d9b6ebd-6fd1-f004-0d62-94fccc35bfac">
      <DeploymentItems>
        <DeploymentItem filename="Prototype2.0.exe" />
      </DeploymentItems>
      <Execution id="726a122e-fee9-42c8-a61d-e469ecee68f7" />
      <TestMethod codeBase="D:/git_file/yuanxing3/Prototype2.0/UnitTest/bin/Debug/UnitTest.DLL" adapterTypeName="Microsoft.VisualStudio.TestTools.TestTypes.Unit.UnitTestAdapter, Microsoft.VisualStudio.QualityTools.Tips.UnitTest.Adapter, Version=10.0.0.0, Culture=neutral, PublicKeyToken=b03f5f7f11d50a3a" className="UnitTest.mainTest, UnitTest, Version=1.0.0.0, Culture=neutral, PublicKeyToken=null" name="button_jiantixitong_ClickTest" />
    </UnitTest>
    <UnitTest name="button_settings_ClickTest" storage="d:\git_file\yuanxing3\prototype2.0\unittest\bin\debug\unittest.dll" id="9f7b0fb2-dacb-865e-62e1-ec8b292888b7">
      <DeploymentItems>
        <DeploymentItem filename="Prototype2.0.exe" />
      </DeploymentItems>
      <Execution id="0855c997-43ba-48ed-bc4d-170a69815a1f" />
      <TestMethod codeBase="D:/git_file/yuanxing3/Prototype2.0/UnitTest/bin/Debug/UnitTest.DLL" adapterTypeName="Microsoft.VisualStudio.TestTools.TestTypes.Unit.UnitTestAdapter, Microsoft.VisualStudio.QualityTools.Tips.UnitTest.Adapter, Version=10.0.0.0, Culture=neutral, PublicKeyToken=b03f5f7f11d50a3a" className="UnitTest.mainTest, UnitTest, Version=1.0.0.0, Culture=neutral, PublicKeyToken=null" name="button_settings_ClickTest" />
    </UnitTest>
    <UnitTest name="button_wodeliangdian_ClickTest" storage="d:\git_file\yuanxing3\prototype2.0\unittest\bin\debug\unittest.dll" id="33207c76-621e-717c-6a7f-4ff1496676c0">
      <DeploymentItems>
        <DeploymentItem filename="Prototype2.0.exe" />
      </DeploymentItems>
      <Execution id="7b0ad9aa-8f8b-487b-a0f2-5b06ef61bd21" />
      <TestMethod codeBase="D:/git_file/yuanxing3/Prototype2.0/UnitTest/bin/Debug/UnitTest.DLL" adapterTypeName="Microsoft.VisualStudio.TestTools.TestTypes.Unit.UnitTestAdapter, Microsoft.VisualStudio.QualityTools.Tips.UnitTest.Adapter, Version=10.0.0.0, Culture=neutral, PublicKeyToken=b03f5f7f11d50a3a" className="UnitTest.mainTest, UnitTest, Version=1.0.0.0, Culture=neutral, PublicKeyToken=null" name="button_wodeliangdian_ClickTest" />
    </UnitTest>
  </TestDefinitions>
  <TestLists>
    <TestList name="列表中未列出的结果" id="8c84fa94-04c1-424b-9868-57a2d4851a1d" />
    <TestList name="所有已加载的结果" id="19431567-8539-422a-85d7-44ee4e166bda" />
  </TestLists>
  <TestEntries>
    <TestEntry testId="7d9b6ebd-6fd1-f004-0d62-94fccc35bfac" executionId="726a122e-fee9-42c8-a61d-e469ecee68f7" testListId="8c84fa94-04c1-424b-9868-57a2d4851a1d" />
    <TestEntry testId="0031067b-ae26-4411-3054-17e60a8b22ec" executionId="1d470709-7bb4-45ec-81d2-5f3c13d9f67b" testListId="8c84fa94-04c1-424b-9868-57a2d4851a1d" />
    <TestEntry testId="cd2d3b66-9f3d-ce5f-6c56-565fe9d0daca" executionId="8a1394a2-672d-4768-850c-4df13b33340b" testListId="8c84fa94-04c1-424b-9868-57a2d4851a1d" />
    <TestEntry testId="9f7b0fb2-dacb-865e-62e1-ec8b292888b7" executionId="0855c997-43ba-48ed-bc4d-170a69815a1f" testListId="8c84fa94-04c1-424b-9868-57a2d4851a1d" />
    <TestEntry testId="33207c76-621e-717c-6a7f-4ff1496676c0" executionId="7b0ad9aa-8f8b-487b-a0f2-5b06ef61bd21" testListId="8c84fa94-04c1-424b-9868-57a2d4851a1d" />
    <TestEntry testId="62de20e5-cb5b-4501-542b-a960786ebed8" executionId="e96226b5-6848-4530-b4c9-ce227a8dbd9e" testListId="8c84fa94-04c1-424b-9868-57a2d4851a1d" />
    <TestEntry testId="cb5b2e58-0d03-95ac-191a-d5b2a61f5ca3" executionId="60ca98a0-d9c8-4818-80f6-558dfbb2cc5a" testListId="8c84fa94-04c1-424b-9868-57a2d4851a1d" />
    <TestEntry testId="42a44aa5-8b32-c5bc-187c-076f9d7ff1f7" executionId="57be0495-8f6b-4b21-85e8-68d575bae73c" testListId="8c84fa94-04c1-424b-9868-57a2d4851a1d" />
    <TestEntry testId="1f6a09f9-89e9-8827-8601-e102b24c03de" executionId="19f4647e-987c-4efd-a44e-9c51ca230e5c" testListId="8c84fa94-04c1-424b-9868-57a2d4851a1d" />
  </TestEntries>
  <Results>
    <UnitTestResult executionId="726a122e-fee9-42c8-a61d-e469ecee68f7" testId="7d9b6ebd-6fd1-f004-0d62-94fccc35bfac" testName="button_jiantixitong_ClickTest" computerName="WGC-PC" duration="00:00:00.1261568" startTime="2014-04-28T17:09:30.4619826+08:00" endTime="2014-04-28T17:09:30.7843846+08:00" testType="13cdc9d9-ddb5-4fa4-a97d-d965ccfc6d4b" outcome="Failed" testListId="8c84fa94-04c1-424b-9868-57a2d4851a1d" relativeResultsDirectory="726a122e-fee9-42c8-a61d-e469ecee68f7">
      <Output>
        <ErrorInfo>
          <Message>测试方法 UnitTest.mainTest.button_jiantixitong_ClickTest 引发了异常: 
System.ArgumentNullException: 值不能为 null。
参数名: source</Message>
          <StackTrace>   在 Prototype2._0.main_Accessor.button_jiantixitong_Click(Object sender, EventArgs e)
   在 UnitTest.mainTest.button_jiantixitong_ClickTest() 位置 D:\git_file\yuanxing3\Prototype2.0\UnitTest\mainTest.cs:行号 364
</StackTrace>
        </ErrorInfo>
      </Output>
    </UnitTestResult>
    <UnitTestResult executionId="1d470709-7bb4-45ec-81d2-5f3c13d9f67b" testId="0031067b-ae26-4411-3054-17e60a8b22ec" testName="button_jiudehuiyi_ClickTest" computerName="WGC-PC" duration="00:00:00.0263556" startTime="2014-04-28T17:09:30.7843846+08:00" endTime="2014-04-28T17:09:30.8155847+08:00" testType="13cdc9d9-ddb5-4fa4-a97d-d965ccfc6d4b" outcome="Failed" testListId="8c84fa94-04c1-424b-9868-57a2d4851a1d" relativeResultsDirectory="1d470709-7bb4-45ec-81d2-5f3c13d9f67b">
      <Output>
        <ErrorInfo>
          <Message>测试方法 UnitTest.mainTest.button_jiudehuiyi_ClickTest 引发了异常: 
System.ArgumentNullException: 值不能为 null。
参数名: source</Message>
          <StackTrace>   在 Prototype2._0.main_Accessor.button_jiudehuiyi_Click(Object sender, EventArgs e)
   在 UnitTest.mainTest.button_jiudehuiyi_ClickTest() 位置 D:\git_file\yuanxing3\Prototype2.0\UnitTest\mainTest.cs:行号 378
</StackTrace>
        </ErrorInfo>
      </Output>
    </UnitTestResult>
    <UnitTestResult executionId="8a1394a2-672d-4768-850c-4df13b33340b" testId="cd2d3b66-9f3d-ce5f-6c56-565fe9d0daca" testName="button_niurenduibi_ClickTest" computerName="WGC-PC" duration="00:00:00.0256838" startTime="2014-04-28T17:09:30.8155847+08:00" endTime="2014-04-28T17:09:30.8467847+08:00" testType="13cdc9d9-ddb5-4fa4-a97d-d965ccfc6d4b" outcome="Failed" testListId="8c84fa94-04c1-424b-9868-57a2d4851a1d" relativeResultsDirectory="8a1394a2-672d-4768-850c-4df13b33340b">
      <Output>
        <ErrorInfo>
          <Message>测试方法 UnitTest.mainTest.button_niurenduibi_ClickTest 引发了异常: 
System.ArgumentOutOfRangeException: 索引超出范围。必须为非负值并小于集合大小。
参数名: index</Message>
          <StackTrace>   在 Prototype2._0.main_Accessor.button_niurenduibi_Click(Object sender, EventArgs e)
   在 UnitTest.mainTest.button_niurenduibi_ClickTest() 位置 D:\git_file\yuanxing3\Prototype2.0\UnitTest\mainTest.cs:行号 392
</StackTrace>
        </ErrorInfo>
      </Output>
    </UnitTestResult>
    <UnitTestResult executionId="0855c997-43ba-48ed-bc4d-170a69815a1f" testId="9f7b0fb2-dacb-865e-62e1-ec8b292888b7" testName="button_settings_ClickTest" computerName="WGC-PC" duration="00:00:00.0478771" startTime="2014-04-28T17:09:30.8467847+08:00" endTime="2014-04-28T17:09:30.9091848+08:00" testType="13cdc9d9-ddb5-4fa4-a97d-d965ccfc6d4b" outcome="Passed" testListId="8c84fa94-04c1-424b-9868-57a2d4851a1d" relativeResultsDirectory="0855c997-43ba-48ed-bc4d-170a69815a1f">
    </UnitTestResult>
    <UnitTestResult executionId="7b0ad9aa-8f8b-487b-a0f2-5b06ef61bd21" testId="33207c76-621e-717c-6a7f-4ff1496676c0" testName="button_wodeliangdian_ClickTest" computerName="WGC-PC" duration="00:00:00.0255290" startTime="2014-04-28T17:09:30.9091848+08:00" endTime="2014-04-28T17:09:30.9403849+08:00" testType="13cdc9d9-ddb5-4fa4-a97d-d965ccfc6d4b" outcome="Failed" testListId="8c84fa94-04c1-424b-9868-57a2d4851a1d" relativeResultsDirectory="7b0ad9aa-8f8b-487b-a0f2-5b06ef61bd21">
      <Output>
        <ErrorInfo>
          <Message>测试方法 UnitTest.mainTest.button_wodeliangdian_ClickTest 引发了异常: 
System.ArgumentOutOfRangeException: 索引超出范围。必须为非负值并小于集合大小。
参数名: index</Message>
          <StackTrace>   在 Prototype2._0.main_Accessor.button_wodeliangdian_Click(Object sender, EventArgs e)
   在 UnitTest.mainTest.button_wodeliangdian_ClickTest() 位置 D:\git_file\yuanxing3\Prototype2.0\UnitTest\mainTest.cs:行号 420
</StackTrace>
        </ErrorInfo>
      </Output>
    </UnitTestResult>
    <UnitTestResult executionId="e96226b5-6848-4530-b4c9-ce227a8dbd9e" testId="62de20e5-cb5b-4501-542b-a960786ebed8" testName="button_wodexinxi_ClickTest" computerName="WGC-PC" duration="00:00:00.0275368" startTime="2014-04-28T17:09:30.9403849+08:00" endTime="2014-04-28T17:09:30.9715849+08:00" testType="13cdc9d9-ddb5-4fa4-a97d-d965ccfc6d4b" outcome="Failed" testListId="8c84fa94-04c1-424b-9868-57a2d4851a1d" relativeResultsDirectory="e96226b5-6848-4530-b4c9-ce227a8dbd9e">
      <Output>
        <ErrorInfo>
          <Message>测试方法 UnitTest.mainTest.button_wodexinxi_ClickTest 引发了异常: 
System.ArgumentNullException: 值不能为 null。
参数名: source</Message>
          <StackTrace>   在 Prototype2._0.main_Accessor.button_wodexinxi_Click(Object sender, EventArgs e)
   在 UnitTest.mainTest.button_wodexinxi_ClickTest() 位置 D:\git_file\yuanxing3\Prototype2.0\UnitTest\mainTest.cs:行号 434
</StackTrace>
        </ErrorInfo>
      </Output>
    </UnitTestResult>
    <UnitTestResult executionId="60ca98a0-d9c8-4818-80f6-558dfbb2cc5a" testId="cb5b2e58-0d03-95ac-191a-d5b2a61f5ca3" testName="button_xuexiniuren_ClickTest" computerName="WGC-PC" duration="00:00:00.0260584" startTime="2014-04-28T17:09:30.9715849+08:00" endTime="2014-04-28T17:09:31.0027850+08:00" testType="13cdc9d9-ddb5-4fa4-a97d-d965ccfc6d4b" outcome="Failed" testListId="8c84fa94-04c1-424b-9868-57a2d4851a1d" relativeResultsDirectory="60ca98a0-d9c8-4818-80f6-558dfbb2cc5a">
      <Output>
        <ErrorInfo>
          <Message>测试方法 UnitTest.mainTest.button_xuexiniuren_ClickTest 引发了异常: 
System.ArgumentNullException: 值不能为 null。
参数名: source</Message>
          <StackTrace>   在 Prototype2._0.main_Accessor.button_xuexiniuren_Click(Object sender, EventArgs e)
   在 UnitTest.mainTest.button_xuexiniuren_ClickTest() 位置 D:\git_file\yuanxing3\Prototype2.0\UnitTest\mainTest.cs:行号 448
</StackTrace>
        </ErrorInfo>
      </Output>
    </UnitTestResult>
    <UnitTestResult executionId="57be0495-8f6b-4b21-85e8-68d575bae73c" testId="42a44aa5-8b32-c5bc-187c-076f9d7ff1f7" testName="button_zhexiantuduibi_ClickTest" computerName="WGC-PC" duration="00:00:00.0257137" startTime="2014-04-28T17:09:31.0027850+08:00" endTime="2014-04-28T17:09:31.0339851+08:00" testType="13cdc9d9-ddb5-4fa4-a97d-d965ccfc6d4b" outcome="Failed" testListId="8c84fa94-04c1-424b-9868-57a2d4851a1d" relativeResultsDirectory="57be0495-8f6b-4b21-85e8-68d575bae73c">
      <Output>
        <ErrorInfo>
          <Message>测试方法 UnitTest.mainTest.button_zhexiantuduibi_ClickTest 引发了异常: 
System.ArgumentOutOfRangeException: 索引超出范围。必须为非负值并小于集合大小。
参数名: index</Message>
          <StackTrace>   在 Prototype2._0.main_Accessor.button_zhexiantuduibi_Click(Object sender, EventArgs e)
   在 UnitTest.mainTest.button_zhexiantuduibi_ClickTest() 位置 D:\git_file\yuanxing3\Prototype2.0\UnitTest\mainTest.cs:行号 462
</StackTrace>
        </ErrorInfo>
      </Output>
    </UnitTestResult>
    <UnitTestResult executionId="19f4647e-987c-4efd-a44e-9c51ca230e5c" testId="1f6a09f9-89e9-8827-8601-e102b24c03de" testName="button_zuotifenlei_ClickTest" computerName="WGC-PC" duration="00:00:00.0262346" startTime="2014-04-28T17:09:31.0339851+08:00" endTime="2014-04-28T17:09:31.0651851+08:00" testType="13cdc9d9-ddb5-4fa4-a97d-d965ccfc6d4b" outcome="Failed" testListId="8c84fa94-04c1-424b-9868-57a2d4851a1d" relativeResultsDirectory="19f4647e-987c-4efd-a44e-9c51ca230e5c">
      <Output>
        <ErrorInfo>
          <Message>测试方法 UnitTest.mainTest.button_zuotifenlei_ClickTest 引发了异常: 
System.ArgumentOutOfRangeException: 索引超出范围。必须为非负值并小于集合大小。
参数名: index</Message>
          <StackTrace>   在 Prototype2._0.main_Accessor.button_zuotifenlei_Click(Object sender, EventArgs e)
   在 UnitTest.mainTest.button_zuotifenlei_ClickTest() 位置 D:\git_file\yuanxing3\Prototype2.0\UnitTest\mainTest.cs:行号 476
</StackTrace>
        </ErrorInfo>
      </Output>
    </UnitTestResult>
  </Results>
</TestRun>