<?xml version="1.0" encoding="UTF-8"?>
<TestRun id="bf92aea8-f1a6-4b3b-895d-f6586ab8e588" name="WGC@WGC-PC 2014-04-28 17:08:29" runUser="WGC-PC\WGC" xmlns="http://microsoft.com/schemas/VisualStudio/TeamTest/2010">
  <TestSettings name="本地" id="15eaff23-6fdd-4e4a-895b-27afa8f22191">
    <Description>这些设置为本地测试运行的默认测试设置。</Description>
    <Deployment enabled="false" runDeploymentRoot="WGC_WGC-PC 2014-04-28 17_08_29">
      <DeploymentItem filename="D:\git_file\yuanxing3\Prototype2.0\Prototype2.0\bin\Debug\Prototype2.0.exe" />
    </Deployment>
    <Execution>
      <TestTypeSpecific />
      <AgentRule name="Execution Agents">
      </AgentRule>
    </Execution>
  </TestSettings>
  <Times creation="2014-04-28T17:08:29.2079898+08:00" queuing="2014-04-28T17:08:29.2235898+08:00" start="2014-04-28T17:08:29.2391899+08:00" finish="2014-04-28T17:08:29.9099910+08:00" />
  <ResultSummary outcome="Failed">
    <Counters total="4" executed="4" error="0" failed="3" timeout="0" aborted="0" inconclusive="1" passedButRunAborted="0" notRunnable="0" notExecuted="0" disconnected="0" warning="0" passed="0" completed="0" inProgress="0" pending="0" />
    <RunInfos>
      <RunInfo computerName="WGC-PC" outcome="Warning" timestamp="2014-04-28T17:08:29.2235898+08:00">
        <Text>当前已禁用部署。未部署测试“UnitTest.mainTest.button_niurenduibi_ClickTest”中的部署项“Prototype2.0.exe”。</Text>
      </RunInfo>
    </RunInfos>
  </ResultSummary>
  <TestDefinitions>
    <UnitTest name="button_niurenduibi_ClickTest" storage="d:\git_file\yuanxing3\prototype2.0\unittest\bin\debug\unittest.dll" id="cd2d3b66-9f3d-ce5f-6c56-565fe9d0daca">
      <DeploymentItems>
        <DeploymentItem filename="Prototype2.0.exe" />
      </DeploymentItems>
      <Execution id="6dc9f15a-0b38-45c4-b240-00cb38c103d4" />
      <TestMethod codeBase="D:/git_file/yuanxing3/Prototype2.0/UnitTest/bin/Debug/UnitTest.DLL" adapterTypeName="Microsoft.VisualStudio.TestTools.TestTypes.Unit.UnitTestAdapter, Microsoft.VisualStudio.QualityTools.Tips.UnitTest.Adapter, Version=10.0.0.0, Culture=neutral, PublicKeyToken=b03f5f7f11d50a3a" className="UnitTest.mainTest, UnitTest, Version=1.0.0.0, Culture=neutral, PublicKeyToken=null" name="button_niurenduibi_ClickTest" />
    </UnitTest>
    <UnitTest name="button_jiudehuiyi_ClickTest" storage="d:\git_file\yuanxing3\prototype2.0\unittest\bin\debug\unittest.dll" id="0031067b-ae26-4411-3054-17e60a8b22ec">
      <DeploymentItems>
        <DeploymentItem filename="Prototype2.0.exe" />
      </DeploymentItems>
      <Execution id="ffc21639-5b93-467d-bbc5-2f0a2578660f" />
      <TestMethod codeBase="D:/git_file/yuanxing3/Prototype2.0/UnitTest/bin/Debug/UnitTest.DLL" adapterTypeName="Microsoft.VisualStudio.TestTools.TestTypes.Unit.UnitTestAdapter, Microsoft.VisualStudio.QualityTools.Tips.UnitTest.Adapter, Version=10.0.0.0, Culture=neutral, PublicKeyToken=b03f5f7f11d50a3a" className="UnitTest.mainTest, UnitTest, Version=1.0.0.0, Culture=neutral, PublicKeyToken=null" name="button_jiudehuiyi_ClickTest" />
    </UnitTest>
    <UnitTest name="button_settings_ClickTest" storage="d:\git_file\yuanxing3\prototype2.0\unittest\bin\debug\unittest.dll" id="9f7b0fb2-dacb-865e-62e1-ec8b292888b7">
      <DeploymentItems>
        <DeploymentItem filename="Prototype2.0.exe" />
      </DeploymentItems>
      <Execution id="ccb7dbf1-95a0-440d-ac2a-f93acf765792" />
      <TestMethod codeBase="D:/git_file/yuanxing3/Prototype2.0/UnitTest/bin/Debug/UnitTest.DLL" adapterTypeName="Microsoft.VisualStudio.TestTools.TestTypes.Unit.UnitTestAdapter, Microsoft.VisualStudio.QualityTools.Tips.UnitTest.Adapter, Version=10.0.0.0, Culture=neutral, PublicKeyToken=b03f5f7f11d50a3a" className="UnitTest.mainTest, UnitTest, Version=1.0.0.0, Culture=neutral, PublicKeyToken=null" name="button_settings_ClickTest" />
    </UnitTest>
    <UnitTest name="button_jiantixitong_ClickTest" storage="d:\git_file\yuanxing3\prototype2.0\unittest\bin\debug\unittest.dll" id="7d9b6ebd-6fd1-f004-0d62-94fccc35bfac">
      <DeploymentItems>
        <DeploymentItem filename="Prototype2.0.exe" />
      </DeploymentItems>
      <Execution id="cab06ad6-aac7-41ab-acec-93aac5bc0f7c" />
      <TestMethod codeBase="D:/git_file/yuanxing3/Prototype2.0/UnitTest/bin/Debug/UnitTest.DLL" adapterTypeName="Microsoft.VisualStudio.TestTools.TestTypes.Unit.UnitTestAdapter, Microsoft.VisualStudio.QualityTools.Tips.UnitTest.Adapter, Version=10.0.0.0, Culture=neutral, PublicKeyToken=b03f5f7f11d50a3a" className="UnitTest.mainTest, UnitTest, Version=1.0.0.0, Culture=neutral, PublicKeyToken=null" name="button_jiantixitong_ClickTest" />
    </UnitTest>
  </TestDefinitions>
  <TestLists>
    <TestList name="列表中未列出的结果" id="8c84fa94-04c1-424b-9868-57a2d4851a1d" />
    <TestList name="所有已加载的结果" id="19431567-8539-422a-85d7-44ee4e166bda" />
  </TestLists>
  <TestEntries>
    <TestEntry testId="7d9b6ebd-6fd1-f004-0d62-94fccc35bfac" executionId="cab06ad6-aac7-41ab-acec-93aac5bc0f7c" testListId="8c84fa94-04c1-424b-9868-57a2d4851a1d" />
    <TestEntry testId="0031067b-ae26-4411-3054-17e60a8b22ec" executionId="ffc21639-5b93-467d-bbc5-2f0a2578660f" testListId="8c84fa94-04c1-424b-9868-57a2d4851a1d" />
    <TestEntry testId="cd2d3b66-9f3d-ce5f-6c56-565fe9d0daca" executionId="6dc9f15a-0b38-45c4-b240-00cb38c103d4" testListId="8c84fa94-04c1-424b-9868-57a2d4851a1d" />
    <TestEntry testId="9f7b0fb2-dacb-865e-62e1-ec8b292888b7" executionId="ccb7dbf1-95a0-440d-ac2a-f93acf765792" testListId="8c84fa94-04c1-424b-9868-57a2d4851a1d" />
  </TestEntries>
  <Results>
    <UnitTestResult executionId="cab06ad6-aac7-41ab-acec-93aac5bc0f7c" testId="7d9b6ebd-6fd1-f004-0d62-94fccc35bfac" testName="button_jiantixitong_ClickTest" computerName="WGC-PC" duration="00:00:00.1992029" startTime="2014-04-28T17:08:29.2391899+08:00" endTime="2014-04-28T17:08:29.6447906+08:00" testType="13cdc9d9-ddb5-4fa4-a97d-d965ccfc6d4b" outcome="Failed" testListId="8c84fa94-04c1-424b-9868-57a2d4851a1d" relativeResultsDirectory="cab06ad6-aac7-41ab-acec-93aac5bc0f7c">
      <Output>
        <ErrorInfo>
          <Message>测试方法 UnitTest.mainTest.button_jiantixitong_ClickTest 引发了异常: 
System.ArgumentNullException: 值不能为 null。
参数名: source</Message>
          <StackTrace>   在 Prototype2._0.main_Accessor.button_jiantixitong_Click(Object sender, EventArgs e)
   在 UnitTest.mainTest.button_jiantixitong_ClickTest() 位置 D:\git_file\yuanxing3\Prototype2.0\UnitTest\mainTest.cs:行号 364
</StackTrace>
        </ErrorInfo>
      </Output>
    </UnitTestResult>
    <UnitTestResult executionId="ffc21639-5b93-467d-bbc5-2f0a2578660f" testId="0031067b-ae26-4411-3054-17e60a8b22ec" testName="button_jiudehuiyi_ClickTest" computerName="WGC-PC" duration="00:00:00.0263838" startTime="2014-04-28T17:08:29.6603906+08:00" endTime="2014-04-28T17:08:29.6915907+08:00" testType="13cdc9d9-ddb5-4fa4-a97d-d965ccfc6d4b" outcome="Failed" testListId="8c84fa94-04c1-424b-9868-57a2d4851a1d" relativeResultsDirectory="ffc21639-5b93-467d-bbc5-2f0a2578660f">
      <Output>
        <ErrorInfo>
          <Message>测试方法 UnitTest.mainTest.button_jiudehuiyi_ClickTest 引发了异常: 
System.ArgumentNullException: 值不能为 null。
参数名: source</Message>
          <StackTrace>   在 Prototype2._0.main_Accessor.button_jiudehuiyi_Click(Object sender, EventArgs e)
   在 UnitTest.mainTest.button_jiudehuiyi_ClickTest() 位置 D:\git_file\yuanxing3\Prototype2.0\UnitTest\mainTest.cs:行号 378
</StackTrace>
        </ErrorInfo>
      </Output>
    </UnitTestResult>
    <UnitTestResult executionId="6dc9f15a-0b38-45c4-b240-00cb38c103d4" testId="cd2d3b66-9f3d-ce5f-6c56-565fe9d0daca" testName="button_niurenduibi_ClickTest" computerName="WGC-PC" duration="00:00:00.0269676" startTime="2014-04-28T17:08:29.6915907+08:00" endTime="2014-04-28T17:08:29.7227907+08:00" testType="13cdc9d9-ddb5-4fa4-a97d-d965ccfc6d4b" outcome="Failed" testListId="8c84fa94-04c1-424b-9868-57a2d4851a1d" relativeResultsDirectory="6dc9f15a-0b38-45c4-b240-00cb38c103d4">
      <Output>
        <ErrorInfo>
          <Message>测试方法 UnitTest.mainTest.button_niurenduibi_ClickTest 引发了异常: 
System.ArgumentOutOfRangeException: 索引超出范围。必须为非负值并小于集合大小。
参数名: index</Message>
          <StackTrace>   在 Prototype2._0.main_Accessor.button_niurenduibi_Click(Object sender, EventArgs e)
   在 UnitTest.mainTest.button_niurenduibi_ClickTest() 位置 D:\git_file\yuanxing3\Prototype2.0\UnitTest\mainTest.cs:行号 392
</StackTrace>
        </ErrorInfo>
      </Output>
    </UnitTestResult>
    <UnitTestResult executionId="ccb7dbf1-95a0-440d-ac2a-f93acf765792" testId="9f7b0fb2-dacb-865e-62e1-ec8b292888b7" testName="button_settings_ClickTest" computerName="WGC-PC" duration="00:00:00.1560675" startTime="2014-04-28T17:08:29.7227907+08:00" endTime="2014-04-28T17:08:29.8943910+08:00" testType="13cdc9d9-ddb5-4fa4-a97d-d965ccfc6d4b" outcome="Inconclusive" testListId="8c84fa94-04c1-424b-9868-57a2d4851a1d" relativeResultsDirectory="ccb7dbf1-95a0-440d-ac2a-f93acf765792">
      <Output>
        <ErrorInfo>
          <Message>Assert.Inconclusive 失败。无法验证不返回值的方法。</Message>
          <StackTrace>   在 UnitTest.mainTest.button_settings_ClickTest() 位置 D:\git_file\yuanxing3\Prototype2.0\UnitTest\mainTest.cs:行号 407
</StackTrace>
        </ErrorInfo>
      </Output>
    </UnitTestResult>
  </Results>
</TestRun>